<?xml version="1.0" encoding="UTF-8"?>
<!-- Generated by org.testng.reporters.JUnitReportReporter -->
<testsuite hostname="Admins-MacBook-Air.local" failures="0" tests="8" name="com.play.backend.WithdrawFlowTC" time="57.455" errors="0" timestamp="2023-05-24T17:53:48 IST" skipped="0">
  <testcase classname="com.play.backend.WithdrawFlowTC" name="backendLogin" time="21.742"/>
  <system-out/>
  <testcase classname="com.play.backend.WithdrawFlowTC" name="serchUserName" time="9.769"/>
  <system-out/>
  <testcase classname="com.play.backend.WithdrawFlowTC" name="setWithdrawbtn" time="7.118"/>
  <system-out/>
  <testcase classname="com.play.backend.WithdrawFlowTC" name="getWithdrawData" time="0.448"/>
  <system-out/>
  <testcase classname="com.play.backend.WithdrawFlowTC" name="storeAvailableWithdrawData" time="6.119"/>
  <system-out/>
  <testcase classname="com.play.backend.WithdrawFlowTC" name="enterAmountForWithdraw" time="11.131"/>
  <system-out/>
  <testcase classname="com.play.backend.WithdrawFlowTC" name="verifySaveBtnVisibility" time="0.053"/>
  <system-out/>
  <testcase classname="com.play.backend.WithdrawFlowTC" name="backendLogOut" time="1.075"/>
  <system-out/>
</testsuite> <!-- com.play.backend.WithdrawFlowTC -->
