<?xml version="1.0" encoding="UTF-8"?>
<!-- Generated by org.testng.reporters.JUnitReportReporter -->
<testsuite hostname="Admins-MacBook-Air.local" failures="0" tests="8" name="com.playexch.testclass.BookmarkerTestCases" time="175.876" errors="0" timestamp="2023-05-15T17:58:44 IST" skipped="0">
  <testcase classname="com.playexch.testclass.BookmarkerTestCases" name="loginToWeb" time="67.501"/>
  <system-out/>
  <testcase classname="com.playexch.testclass.BookmarkerTestCases" name="CricketEventAvailable" time="32.436"/>
  <system-out/>
  <testcase classname="com.playexch.testclass.BookmarkerTestCases" name="verifyBookmaker" time="6.846"/>
  <system-out/>
  <testcase classname="com.playexch.testclass.BookmarkerTestCases" name="getProfileInfoBeforePlaceBet" time="7.107"/>
  <system-out/>
  <testcase classname="com.playexch.testclass.BookmarkerTestCases" name="verifyBetPlace" time="37.614"/>
  <system-out/>
  <testcase classname="com.playexch.testclass.BookmarkerTestCases" name="getProfileInfoAfterPlaceBet" time="4.290"/>
  <system-out/>
  <testcase classname="com.playexch.testclass.BookmarkerTestCases" name="VerifyAllBetPlaceInfo" time="14.728"/>
  <system-out/>
  <testcase classname="com.playexch.testclass.BookmarkerTestCases" name="logOutToWeb" time="5.354"/>
  <system-out/>
</testsuite> <!-- com.playexch.testclass.BookmarkerTestCases -->
