<?xml version="1.0" encoding="UTF-8"?>
<!-- Generated by org.testng.reporters.JUnitReportReporter -->
<testsuite hostname="Admins-MacBook-Air.local" failures="0" tests="9" name="com.play.backend.CreateMemberTC" time="167.597" errors="0" timestamp="2023-05-26T14:44:05 IST" skipped="0">
  <testcase classname="com.play.backend.CreateMemberTC" name="playtowinLogin" time="22.027"/>
  <system-out/>
  <testcase classname="com.play.backend.CreateMemberTC" name="setUsername" time="9.307"/>
  <system-out/>
  <testcase classname="com.play.backend.CreateMemberTC" name="storeUserData" time="0.010"/>
  <system-out/>
  <testcase classname="com.play.backend.CreateMemberTC" name="setSaveBtn" time="9.408"/>
  <system-out/>
  <testcase classname="com.play.backend.CreateMemberTC" name="setUpfairplay" time="44.424"/>
  <system-out/>
  <testcase classname="com.play.backend.CreateMemberTC" name="fairplayLogin" time="71.924"/>
  <system-out/>
  <testcase classname="com.play.backend.CreateMemberTC" name="setNewUserLimitRule" time="4.637"/>
  <system-out/>
  <testcase classname="com.play.backend.CreateMemberTC" name="verifyDeposit" time="0.851"/>
  <system-out/>
  <testcase classname="com.play.backend.CreateMemberTC" name="waitTillLoad" time="5.009"/>
  <system-out/>
</testsuite> <!-- com.play.backend.CreateMemberTC -->
