<?xml version="1.0" encoding="UTF-8"?>
<!-- Generated by org.testng.reporters.JUnitReportReporter -->
<testsuite hostname="Admins-MacBook-Air.local" failures="0" tests="6" name="com.playexch.sportsbook.CashOutCricketTC" time="152.585" errors="0" timestamp="2023-05-15T14:43:37 IST" skipped="0">
  <testcase classname="com.playexch.sportsbook.CashOutCricketTC" name="loginToWeb" time="53.991"/>
  <system-out/>
  <testcase classname="com.playexch.sportsbook.CashOutCricketTC" name="verifyMatchesAvailable" time="39.202"/>
  <system-out/>
  <testcase classname="com.playexch.sportsbook.CashOutCricketTC" name="CricketEventAvailable" time="0.224"/>
  <system-out/>
  <testcase classname="com.playexch.sportsbook.CashOutCricketTC" name="verifyMatchOdds" time="32.848"/>
  <system-out/>
  <testcase classname="com.playexch.sportsbook.CashOutCricketTC" name="placebets" time="20.953"/>
  <system-out/>
  <testcase classname="com.playexch.sportsbook.CashOutCricketTC" name="placeCashOutBets" time="5.367"/>
  <system-out/>
</testsuite> <!-- com.playexch.sportsbook.CashOutCricketTC -->
