<?xml version="1.0" encoding="UTF-8"?>
<!-- Generated by org.testng.reporters.JUnitReportReporter -->
<<<<<<< HEAD
<testsuite hostname="Admins-MacBook-Air.local" failures="0" tests="5" name="com.play.backend.WithdrawFlow" time="44.825" errors="0" timestamp="2023-06-05T10:48:20 IST" skipped="0">
  <testcase classname="com.play.backend.WithdrawFlow" name="loginToBackend" time="22.077"/>
  <system-out/>
  <testcase classname="com.play.backend.WithdrawFlow" name="searchUserName" time="9.778"/>
  <system-out/>
  <testcase classname="com.play.backend.WithdrawFlow" name="getBalanceInfo" time="0.144"/>
  <system-out/>
  <testcase classname="com.play.backend.WithdrawFlow" name="clickWithdrawButton" time="7.489"/>
  <system-out/>
  <testcase classname="com.play.backend.WithdrawFlow" name="enterAmountForWithdraw" time="5.337"/>
=======
<testsuite hostname="Admins-MacBook-Air.local" failures="0" tests="8" name="com.play.backend.WithdrawFlow" time="226.994" errors="0" timestamp="2023-06-06T12:35:52 IST" skipped="0">
  <testcase classname="com.play.backend.WithdrawFlow" name="loginToBackend" time="24.374"/>
  <system-out/>
  <testcase classname="com.play.backend.WithdrawFlow" name="searchUserName" time="8.435"/>
  <system-out/>
  <testcase classname="com.play.backend.WithdrawFlow" name="getBalanceInfo" time="0.134"/>
  <system-out/>
  <testcase classname="com.play.backend.WithdrawFlow" name="clickWithdrawButton" time="3.185"/>
  <system-out/>
  <testcase classname="com.play.backend.WithdrawFlow" name="enterAmountForWithdraw" time="5.576"/>
  <system-out/>
  <testcase classname="com.play.backend.WithdrawFlow" name="verifySaveButtonVisibility" time="0.432"/>
  <system-out/>
  <testcase classname="com.play.backend.WithdrawFlow" name="verifyDepositAmount" time="147.919"/>
  <system-out/>
  <testcase classname="com.play.backend.WithdrawFlow" name="logOutToWeb" time="36.939"/>
>>>>>>> 6d327e0 (withdraw flow TC)
  <system-out/>
</testsuite> <!-- com.play.backend.WithdrawFlow -->
