<?xml version="1.0" encoding="UTF-8"?>
<!-- Generated by org.testng.reporters.JUnitReportReporter -->
<testsuite hostname="Admins-MacBook-Air.local" failures="0" tests="10" name="com.playexch.sportsbook.TennisBackMatchedTC" time="188.905" errors="0" timestamp="2023-05-12T11:41:01 IST" skipped="0">
  <testcase classname="com.playexch.sportsbook.TennisBackMatchedTC" name="loginToWeb" time="66.314"/>
  <system-out/>
  <testcase classname="com.playexch.sportsbook.TennisBackMatchedTC" name="verifyMatchesAvailable" time="39.429"/>
  <system-out/>
  <testcase classname="com.playexch.sportsbook.TennisBackMatchedTC" name="getProfileInfoBeforePlaceBet" time="4.191"/>
  <system-out/>
  <testcase classname="com.playexch.sportsbook.TennisBackMatchedTC" name="backBetPlace" time="28.500"/>
  <system-out/>
  <testcase classname="com.playexch.sportsbook.TennisBackMatchedTC" name="verifyBetPlacedUnmatched" time="23.360"/>
  <system-out/>
  <testcase classname="com.playexch.sportsbook.TennisBackMatchedTC" name="verifyBetPlacedMatched" time="10.125"/>
  <system-out/>
  <testcase classname="com.playexch.sportsbook.TennisBackMatchedTC" name="getProfileInfoAfterPlaceBet" time="5.107"/>
  <system-out/>
  <testcase classname="com.playexch.sportsbook.TennisBackMatchedTC" name="VerifyAllBetPlaceInfo" time="10.988"/>
  <system-out/>
  <testcase classname="com.playexch.sportsbook.TennisBackMatchedTC" name="verifyNetExposure" time="0.004"/>
  <system-out/>
  <testcase classname="com.playexch.sportsbook.TennisBackMatchedTC" name="logOutToWeb" time="0.887"/>
  <system-out/>
</testsuite> <!-- com.playexch.sportsbook.TennisBackMatchedTC -->
