<?xml version="1.0" encoding="UTF-8"?>
<!-- Generated by org.testng.reporters.JUnitReportReporter -->
<testsuite hostname="Admins-MacBook-Air.local" failures="0" tests="10" name="com.playexch.sportsbook.TennisLayUnmatchedTC" time="186.394" errors="0" timestamp="2023-05-12T12:14:14 IST" skipped="0">
  <testcase classname="com.playexch.sportsbook.TennisLayUnmatchedTC" name="loginToWeb" time="65.786"/>
  <system-out/>
  <testcase classname="com.playexch.sportsbook.TennisLayUnmatchedTC" name="verifyMatchesAvailable" time="40.873"/>
  <system-out/>
  <testcase classname="com.playexch.sportsbook.TennisLayUnmatchedTC" name="getProfileInfoBeforePlaceBet" time="4.409"/>
  <system-out/>
  <testcase classname="com.playexch.sportsbook.TennisLayUnmatchedTC" name="layBetPlace" time="30.145"/>
  <system-out/>
  <testcase classname="com.playexch.sportsbook.TennisLayUnmatchedTC" name="verifyBetPlacedUnmatched" time="14.276"/>
  <system-out/>
  <testcase classname="com.playexch.sportsbook.TennisLayUnmatchedTC" name="getProfileInfoAfterPlaceBet" time="4.526"/>
  <system-out/>
  <testcase classname="com.playexch.sportsbook.TennisLayUnmatchedTC" name="getProfileInfoAfterCancelUnmatched" time="15.191"/>
  <system-out/>
  <testcase classname="com.playexch.sportsbook.TennisLayUnmatchedTC" name="VerifyAllBetPlaceInfo" time="10.530"/>
  <system-out/>
  <testcase classname="com.playexch.sportsbook.TennisLayUnmatchedTC" name="verifyNetExposure" time="0.005"/>
  <system-out/>
  <testcase classname="com.playexch.sportsbook.TennisLayUnmatchedTC" name="logOutToWeb" time="0.653"/>
  <system-out/>
</testsuite> <!-- com.playexch.sportsbook.TennisLayUnmatchedTC -->
