<?xml version="1.0" encoding="UTF-8"?>
<!-- Generated by org.testng.reporters.JUnitReportReporter -->
<testsuite hostname="Admins-MacBook-Air.local" failures="0" tests="10" name="com.playexch.sportsbook.CricketLayUnmatchedTC" time="209.265" errors="0" timestamp="2023-05-15T11:35:35 IST" skipped="0">
  <testcase classname="com.playexch.sportsbook.CricketLayUnmatchedTC" name="loginToWeb" time="60.659"/>
  <system-out/>
  <testcase classname="com.playexch.sportsbook.CricketLayUnmatchedTC" name="verifyMatchesAvailable" time="34.631"/>
  <system-out/>
  <testcase classname="com.playexch.sportsbook.CricketLayUnmatchedTC" name="getProfileInfoBeforePlaceBet" time="4.357"/>
  <system-out/>
  <testcase classname="com.playexch.sportsbook.CricketLayUnmatchedTC" name="layBetPlace" time="54.186"/>
  <system-out/>
  <testcase classname="com.playexch.sportsbook.CricketLayUnmatchedTC" name="verifyBetPlacedUnmatched" time="14.413"/>
  <system-out/>
  <testcase classname="com.playexch.sportsbook.CricketLayUnmatchedTC" name="getProfileInfoAfterPlaceBet" time="5.994"/>
  <system-out/>
  <testcase classname="com.playexch.sportsbook.CricketLayUnmatchedTC" name="getProfileInfoAfterCancelUnmatched" time="18.452"/>
  <system-out/>
  <testcase classname="com.playexch.sportsbook.CricketLayUnmatchedTC" name="allMyBetsPlaced" time="13.867"/>
  <system-out/>
  <testcase classname="com.playexch.sportsbook.CricketLayUnmatchedTC" name="verifyNetExposure" time="0.010"/>
  <system-out/>
  <testcase classname="com.playexch.sportsbook.CricketLayUnmatchedTC" name="logOutToWeb" time="2.696"/>
  <system-out/>
</testsuite> <!-- com.playexch.sportsbook.CricketLayUnmatchedTC -->
