<?xml version="1.0" encoding="UTF-8"?>
<!-- Generated by org.testng.reporters.JUnitReportReporter -->
<testsuite hostname="Admins-MacBook-Air.local" failures="0" tests="10" name="com.playexch.sportsbook.SoccerBackUnmatchedTC" time="192.631" errors="0" timestamp="2023-05-10T15:47:24 IST" skipped="0">
  <testcase classname="com.playexch.sportsbook.SoccerBackUnmatchedTC" name="loginToWeb" time="67.413"/>
  <system-out/>
  <testcase classname="com.playexch.sportsbook.SoccerBackUnmatchedTC" name="verifyMatchesAvailable" time="42.822"/>
  <system-out/>
  <testcase classname="com.playexch.sportsbook.SoccerBackUnmatchedTC" name="getProfileInfoBeforePlaceBet" time="4.343"/>
  <system-out/>
  <testcase classname="com.playexch.sportsbook.SoccerBackUnmatchedTC" name="backBetPlace" time="32.392"/>
  <system-out/>
  <testcase classname="com.playexch.sportsbook.SoccerBackUnmatchedTC" name="verifyBetPlacedUnmatched" time="14.615"/>
  <system-out/>
  <testcase classname="com.playexch.sportsbook.SoccerBackUnmatchedTC" name="getProfileInfoAfterPlaceBet" time="4.535"/>
  <system-out/>
  <testcase classname="com.playexch.sportsbook.SoccerBackUnmatchedTC" name="getProfileInfoAfterCancelUnmatched" time="15.361"/>
  <system-out/>
  <testcase classname="com.playexch.sportsbook.SoccerBackUnmatchedTC" name="VerifyAllBetPlaceInfo" time="10.475"/>
  <system-out/>
  <testcase classname="com.playexch.sportsbook.SoccerBackUnmatchedTC" name="verifyNetExposure" time="0.004"/>
  <system-out/>
  <testcase classname="com.playexch.sportsbook.SoccerBackUnmatchedTC" name="logOutToWeb" time="0.671"/>
  <system-out/>
</testsuite> <!-- com.playexch.sportsbook.SoccerBackUnmatchedTC -->
