<?xml version="1.0" encoding="UTF-8"?>
<!-- Generated by org.testng.reporters.JUnitReportReporter -->
<testsuite hostname="Admins-MacBook-Air.local" failures="0" tests="1" name="com.play.backend.sdfghjk" time="0.050" errors="0" timestamp="2023-05-25T14:48:15 IST" skipped="0">
  <testcase classname="com.play.backend.sdfghjk" name="sdfghjkl" time="0.050"/>
  <system-out/>
</testsuite> <!-- com.play.backend.sdfghjk -->
