<?xml version="1.0" encoding="UTF-8"?>
<!-- Generated by org.testng.reporters.JUnitReportReporter -->
<<<<<<< HEAD
<testsuite hostname="Admins-MacBook-Air.local" failures="0" tests="10" name="com.play.backend.CreateMemberPositiveTC" time="217.529" errors="0" timestamp="2023-06-02T10:27:14 IST" skipped="0">
  <testcase classname="com.play.backend.CreateMemberPositiveTC" name="loginToBackend" time="21.938"/>
  <system-out/>
  <testcase classname="com.play.backend.CreateMemberPositiveTC" name="setUserData" time="10.455"/>
=======
<testsuite hostname="Admins-MacBook-Air.local" failures="0" tests="10" name="com.play.backend.CreateMemberPositiveTC" time="206.357" errors="0" timestamp="2023-06-05T14:47:58 IST" skipped="0">
  <testcase classname="com.play.backend.CreateMemberPositiveTC" name="loginToBackend" time="21.680"/>
  <system-out/>
  <testcase classname="com.play.backend.CreateMemberPositiveTC" name="setUserData" time="9.610"/>
>>>>>>> 6d327e0 (withdraw flow TC)
  <system-out/>
  <testcase classname="com.play.backend.CreateMemberPositiveTC" name="storeUserData" time="0.019"/>
  <system-out/>
<<<<<<< HEAD
  <testcase classname="com.play.backend.CreateMemberPositiveTC" name="verifySaveButton" time="9.448"/>
  <system-out/>
  <testcase classname="com.play.backend.CreateMemberPositiveTC" name="getUserCreatedPopup" time="0.417"/>
  <system-out/>
  <testcase classname="com.play.backend.CreateMemberPositiveTC" name="setUpfairplay" time="45.428"/>
  <system-out/>
  <testcase classname="com.play.backend.CreateMemberPositiveTC" name="fairplayLogin" time="82.178"/>
  <system-out/>
  <testcase classname="com.play.backend.CreateMemberPositiveTC" name="setNewUserLimitRule" time="16.903"/>
  <system-out/>
  <testcase classname="com.play.backend.CreateMemberPositiveTC" name="verifyDepositAmount" time="0.419"/>
  <system-out/>
  <testcase classname="com.play.backend.CreateMemberPositiveTC" name="logOutToWeb" time="30.329"/>
=======
  <testcase classname="com.play.backend.CreateMemberPositiveTC" name="verifySaveButton" time="9.503"/>
  <system-out/>
  <testcase classname="com.play.backend.CreateMemberPositiveTC" name="getUserCreatedPopup" time="0.429"/>
  <system-out/>
  <testcase classname="com.play.backend.CreateMemberPositiveTC" name="setUpfairplay" time="45.001"/>
  <system-out/>
  <testcase classname="com.play.backend.CreateMemberPositiveTC" name="fairplayLogin" time="72.059"/>
  <system-out/>
  <testcase classname="com.play.backend.CreateMemberPositiveTC" name="setNewUserLimitRule" time="17.399"/>
  <system-out/>
  <testcase classname="com.play.backend.CreateMemberPositiveTC" name="verifyDepositAmount" time="0.549"/>
  <system-out/>
  <testcase classname="com.play.backend.CreateMemberPositiveTC" name="logOutToWeb" time="30.108"/>
>>>>>>> 6d327e0 (withdraw flow TC)
  <system-out/>
</testsuite> <!-- com.play.backend.CreateMemberPositiveTC -->
