<?xml version="1.0" encoding="UTF-8"?>
<!-- Generated by org.testng.reporters.JUnitReportReporter -->
<testsuite hostname="Admins-MacBook-Air.local" failures="0" tests="10" name="com.playexch.sportsbook.SoccerLayMatchedTC" time="190.665" errors="0" timestamp="2023-05-12T11:33:15 IST" skipped="0">
  <testcase classname="com.playexch.sportsbook.SoccerLayMatchedTC" name="loginToWeb" time="65.626"/>
  <system-out/>
  <testcase classname="com.playexch.sportsbook.SoccerLayMatchedTC" name="verifyMatchesAvailable" time="41.101"/>
  <system-out/>
  <testcase classname="com.playexch.sportsbook.SoccerLayMatchedTC" name="getProfileInfoBeforePlaceBet" time="4.316"/>
  <system-out/>
  <testcase classname="com.playexch.sportsbook.SoccerLayMatchedTC" name="layBetPlace" time="29.129"/>
  <system-out/>
  <testcase classname="com.playexch.sportsbook.SoccerLayMatchedTC" name="verifyBetPlacedUnmatched" time="23.333"/>
  <system-out/>
  <testcase classname="com.playexch.sportsbook.SoccerLayMatchedTC" name="verifyBetPlacedMatched" time="10.115"/>
  <system-out/>
  <testcase classname="com.playexch.sportsbook.SoccerLayMatchedTC" name="getProfileInfoAfterPlaceBet" time="5.000"/>
  <system-out/>
  <testcase classname="com.playexch.sportsbook.SoccerLayMatchedTC" name="VerifyAllBetPlaceInfo" time="10.814"/>
  <system-out/>
  <testcase classname="com.playexch.sportsbook.SoccerLayMatchedTC" name="verifyNetExposure" time="0.006"/>
  <system-out/>
  <testcase classname="com.playexch.sportsbook.SoccerLayMatchedTC" name="logOutToWeb" time="1.225"/>
  <system-out/>
</testsuite> <!-- com.playexch.sportsbook.SoccerLayMatchedTC -->
