<?xml version="1.0" encoding="UTF-8"?>
<!-- Generated by org.testng.reporters.JUnitReportReporter -->
<testsuite hostname="Admins-MacBook-Air.local" failures="0" tests="10" name="com.playexch.sportsbook.CricketBackUnmatchedTC" time="204.637" errors="0" timestamp="2023-05-15T11:17:14 IST" skipped="0">
  <testcase classname="com.playexch.sportsbook.CricketBackUnmatchedTC" name="loginToWeb" time="60.303"/>
  <system-out/>
  <testcase classname="com.playexch.sportsbook.CricketBackUnmatchedTC" name="verifyMatchesAvailable" time="36.762"/>
  <system-out/>
  <testcase classname="com.playexch.sportsbook.CricketBackUnmatchedTC" name="getProfileInfoBeforePlaceBet" time="4.090"/>
  <system-out/>
  <testcase classname="com.playexch.sportsbook.CricketBackUnmatchedTC" name="backBetPlace" time="53.121"/>
  <system-out/>
  <testcase classname="com.playexch.sportsbook.CricketBackUnmatchedTC" name="verifyBetPlacedUnmatched" time="14.208"/>
  <system-out/>
  <testcase classname="com.playexch.sportsbook.CricketBackUnmatchedTC" name="getProfileInfoAfterPlaceBet" time="4.675"/>
  <system-out/>
  <testcase classname="com.playexch.sportsbook.CricketBackUnmatchedTC" name="getProfileInfoAfterCancelUnmatched" time="20.512"/>
  <system-out/>
  <testcase classname="com.playexch.sportsbook.CricketBackUnmatchedTC" name="allMyBetsPlaced" time="10.388"/>
  <system-out/>
  <testcase classname="com.playexch.sportsbook.CricketBackUnmatchedTC" name="verifyNetExposure" time="0.005"/>
  <system-out/>
  <testcase classname="com.playexch.sportsbook.CricketBackUnmatchedTC" name="logOutToWeb" time="0.573"/>
  <system-out/>
</testsuite> <!-- com.playexch.sportsbook.CricketBackUnmatchedTC -->
