<?xml version="1.0" encoding="UTF-8"?>
<!-- Generated by org.testng.reporters.JUnitReportReporter -->
<testsuite hostname="Admins-MacBook-Air.local" failures="0" tests="10" name="com.playexch.sportsbook.TennisBackUnmatchedTC" time="189.432" errors="0" timestamp="2023-05-12T11:45:29 IST" skipped="0">
  <testcase classname="com.playexch.sportsbook.TennisBackUnmatchedTC" name="loginToWeb" time="65.972"/>
  <system-out/>
  <testcase classname="com.playexch.sportsbook.TennisBackUnmatchedTC" name="verifyMatchesAvailable" time="40.137"/>
  <system-out/>
  <testcase classname="com.playexch.sportsbook.TennisBackUnmatchedTC" name="getProfileInfoBeforePlaceBet" time="4.039"/>
  <system-out/>
  <testcase classname="com.playexch.sportsbook.TennisBackUnmatchedTC" name="backBetPlace" time="33.249"/>
  <system-out/>
  <testcase classname="com.playexch.sportsbook.TennisBackUnmatchedTC" name="verifyBetPlacedUnmatched" time="14.285"/>
  <system-out/>
  <testcase classname="com.playexch.sportsbook.TennisBackUnmatchedTC" name="getProfileInfoAfterPlaceBet" time="4.567"/>
  <system-out/>
  <testcase classname="com.playexch.sportsbook.TennisBackUnmatchedTC" name="getProfileInfoAfterCancelUnmatched" time="15.651"/>
  <system-out/>
  <testcase classname="com.playexch.sportsbook.TennisBackUnmatchedTC" name="VerifyAllBetPlaceInfo" time="10.644"/>
  <system-out/>
  <testcase classname="com.playexch.sportsbook.TennisBackUnmatchedTC" name="verifyNetExposure" time="0.005"/>
  <system-out/>
  <testcase classname="com.playexch.sportsbook.TennisBackUnmatchedTC" name="logOutToWeb" time="0.883"/>
  <system-out/>
</testsuite> <!-- com.playexch.sportsbook.TennisBackUnmatchedTC -->
