<?xml version="1.0" encoding="UTF-8"?>
<!-- Generated by org.testng.reporters.JUnitReportReporter -->
<testsuite hostname="Admins-MacBook-Air.local" failures="0" tests="10" name="com.playexch.sportsbook.TennisLayMatchedTC" time="191.799" errors="0" timestamp="2023-05-12T11:49:55 IST" skipped="0">
  <testcase classname="com.playexch.sportsbook.TennisLayMatchedTC" name="loginToWeb" time="67.585"/>
  <system-out/>
  <testcase classname="com.playexch.sportsbook.TennisLayMatchedTC" name="verifyMatchesAvailable" time="41.217"/>
  <system-out/>
  <testcase classname="com.playexch.sportsbook.TennisLayMatchedTC" name="getProfileInfoBeforePlaceBet" time="4.071"/>
  <system-out/>
  <testcase classname="com.playexch.sportsbook.TennisLayMatchedTC" name="layBetPlace" time="28.070"/>
  <system-out/>
  <testcase classname="com.playexch.sportsbook.TennisLayMatchedTC" name="verifyBetPlacedUnmatched" time="23.308"/>
  <system-out/>
  <testcase classname="com.playexch.sportsbook.TennisLayMatchedTC" name="verifyBetPlacedMatched" time="10.125"/>
  <system-out/>
  <testcase classname="com.playexch.sportsbook.TennisLayMatchedTC" name="getProfileInfoAfterPlaceBet" time="5.318"/>
  <system-out/>
  <testcase classname="com.playexch.sportsbook.TennisLayMatchedTC" name="VerifyAllBetPlaceInfo" time="10.907"/>
  <system-out/>
  <testcase classname="com.playexch.sportsbook.TennisLayMatchedTC" name="verifyNetExposure" time="0.005"/>
  <system-out/>
  <testcase classname="com.playexch.sportsbook.TennisLayMatchedTC" name="logOutToWeb" time="1.193"/>
  <system-out/>
</testsuite> <!-- com.playexch.sportsbook.TennisLayMatchedTC -->
