<?xml version="1.0" encoding="UTF-8"?>
<!-- Generated by org.testng.reporters.JUnitReportReporter -->
<<<<<<< HEAD
<testsuite hostname="Admins-MacBook-Air.local" failures="0" tests="7" name="com.play.backend.DepositFlowTC" time="181.027" errors="0" timestamp="2023-06-02T16:35:16 IST" skipped="0">
  <testcase classname="com.play.backend.DepositFlowTC" name="loginToBackend" time="22.803"/>
  <system-out/>
  <testcase classname="com.play.backend.DepositFlowTC" name="searchUserName" time="9.762"/>
  <system-out/>
  <testcase classname="com.play.backend.DepositFlowTC" name="getBalanceInfo" time="0.155"/>
  <system-out/>
  <testcase classname="com.play.backend.DepositFlowTC" name="clickOnDepositBtn" time="0.478"/>
  <system-out/>
  <testcase classname="com.play.backend.DepositFlowTC" name="enterAmountForDeposit" time="3.034"/>
  <system-out/>
  <testcase classname="com.play.backend.DepositFlowTC" name="clickOnSaveButton" time="0.557"/>
  <system-out/>
  <testcase classname="com.play.backend.DepositFlowTC" name="verifyDepositAmount" time="144.238"/>
=======
<testsuite hostname="Admins-MacBook-Air.local" failures="0" tests="8" name="com.play.backend.DepositFlowTC" time="197.120" errors="0" timestamp="2023-06-05T11:40:59 IST" skipped="0">
  <testcase classname="com.play.backend.DepositFlowTC" name="loginToBackend" time="23.837"/>
  <system-out/>
  <testcase classname="com.play.backend.DepositFlowTC" name="searchUserName" time="7.321"/>
  <system-out/>
  <testcase classname="com.play.backend.DepositFlowTC" name="getBalanceInfo" time="0.149"/>
  <system-out/>
  <testcase classname="com.play.backend.DepositFlowTC" name="clickOnDepositBtn" time="0.548"/>
  <system-out/>
  <testcase classname="com.play.backend.DepositFlowTC" name="enterAmountForDeposit" time="3.194"/>
  <system-out/>
  <testcase classname="com.play.backend.DepositFlowTC" name="clickOnSaveButton" time="0.633"/>
  <system-out/>
  <testcase classname="com.play.backend.DepositFlowTC" name="verifyDepositAmount" time="139.680"/>
  <system-out/>
  <testcase classname="com.play.backend.DepositFlowTC" name="logOutToWeb" time="21.758"/>
>>>>>>> 6d327e0 (withdraw flow TC)
  <system-out/>
</testsuite> <!-- com.play.backend.DepositFlowTC -->
