<?xml version="1.0" encoding="UTF-8"?>
<!-- Generated by org.testng.reporters.JUnitReportReporter -->
<testsuite hostname="Admins-MacBook-Air.local" failures="0" tests="10" name="com.playexch.sportsbook.SoccerLayUnmatchedTC" time="187.123" errors="0" timestamp="2023-05-12T12:07:06 IST" skipped="0">
  <testcase classname="com.playexch.sportsbook.SoccerLayUnmatchedTC" name="loginToWeb" time="63.075"/>
  <system-out/>
  <testcase classname="com.playexch.sportsbook.SoccerLayUnmatchedTC" name="verifyMatchesAvailable" time="42.348"/>
  <system-out/>
  <testcase classname="com.playexch.sportsbook.SoccerLayUnmatchedTC" name="getProfileInfoBeforePlaceBet" time="4.037"/>
  <system-out/>
  <testcase classname="com.playexch.sportsbook.SoccerLayUnmatchedTC" name="layBetPlace" time="29.857"/>
  <system-out/>
  <testcase classname="com.playexch.sportsbook.SoccerLayUnmatchedTC" name="verifyBetPlacedUnmatched" time="13.935"/>
  <system-out/>
  <testcase classname="com.playexch.sportsbook.SoccerLayUnmatchedTC" name="getProfileInfoAfterPlaceBet" time="4.425"/>
  <system-out/>
  <testcase classname="com.playexch.sportsbook.SoccerLayUnmatchedTC" name="getProfileInfoAfterCancelUnmatched" time="15.325"/>
  <system-out/>
  <testcase classname="com.playexch.sportsbook.SoccerLayUnmatchedTC" name="VerifyAllBetPlaceInfo" time="12.234"/>
  <system-out/>
  <testcase classname="com.playexch.sportsbook.SoccerLayUnmatchedTC" name="verifyNetExposure" time="0.003"/>
  <system-out/>
  <testcase classname="com.playexch.sportsbook.SoccerLayUnmatchedTC" name="logOutToWeb" time="1.884"/>
  <system-out/>
</testsuite> <!-- com.playexch.sportsbook.SoccerLayUnmatchedTC -->
