<?xml version="1.0" encoding="UTF-8"?>
<!-- Generated by org.testng.reporters.JUnitReportReporter -->
<testsuite hostname="Admins-MacBook-Air.local" failures="0" tests="8" name="com.playexch.testclass.UofTestCases" time="161.038" errors="0" timestamp="2023-05-15T12:02:45 IST" skipped="0">
  <testcase classname="com.playexch.testclass.UofTestCases" name="loginToWeb" time="61.279"/>
  <system-out/>
  <testcase classname="com.playexch.testclass.UofTestCases" name="CricketEventAvailable" time="25.991"/>
  <system-out/>
  <testcase classname="com.playexch.testclass.UofTestCases" name="VerifyPrimiumMarket" time="41.080"/>
  <system-out/>
  <testcase classname="com.playexch.testclass.UofTestCases" name="uofAllMarkets" time="4.348"/>
  <system-out/>
  <testcase classname="com.playexch.testclass.UofTestCases" name="randomClickOnOdds" time="2.052"/>
  <system-out/>
  <testcase classname="com.playexch.testclass.UofTestCases" name="placeUofBets" time="14.644"/>
  <system-out/>
  <testcase classname="com.playexch.testclass.UofTestCases" name="VerifyAllBetPlaceInfo" time="7.417"/>
  <system-out/>
  <testcase classname="com.playexch.testclass.UofTestCases" name="logOutToWeb" time="4.227"/>
  <system-out/>
</testsuite> <!-- com.playexch.testclass.UofTestCases -->
