<?xml version="1.0" encoding="UTF-8"?>
<!-- Generated by org.testng.reporters.JUnitReportReporter -->
<testsuite hostname="Admins-MacBook-Air.local" failures="0" tests="10" name="com.playexch.sportsbook.CricketLayMatchedTC" time="218.546" errors="0" timestamp="2023-05-15T11:25:47 IST" skipped="0">
  <testcase classname="com.playexch.sportsbook.CricketLayMatchedTC" name="loginToWeb" time="58.751"/>
  <system-out/>
  <testcase classname="com.playexch.sportsbook.CricketLayMatchedTC" name="verifyMatchesAvailable" time="34.780"/>
  <system-out/>
  <testcase classname="com.playexch.sportsbook.CricketLayMatchedTC" name="getProfileInfoBeforePlaceBet" time="4.379"/>
  <system-out/>
  <testcase classname="com.playexch.sportsbook.CricketLayMatchedTC" name="layBetPlace" time="68.308"/>
  <system-out/>
  <testcase classname="com.playexch.sportsbook.CricketLayMatchedTC" name="verifyBetPlacedUnmatched" time="24.934"/>
  <system-out/>
  <testcase classname="com.playexch.sportsbook.CricketLayMatchedTC" name="verifyBetPlacedMatched" time="10.192"/>
  <system-out/>
  <testcase classname="com.playexch.sportsbook.CricketLayMatchedTC" name="getProfileInfoAfterPlaceBet" time="5.116"/>
  <system-out/>
  <testcase classname="com.playexch.sportsbook.CricketLayMatchedTC" name="allMyBetsPlaced" time="10.804"/>
  <system-out/>
  <testcase classname="com.playexch.sportsbook.CricketLayMatchedTC" name="verifyNetExposure" time="0.005"/>
  <system-out/>
  <testcase classname="com.playexch.sportsbook.CricketLayMatchedTC" name="logOutToWeb" time="1.277"/>
  <system-out/>
</testsuite> <!-- com.playexch.sportsbook.CricketLayMatchedTC -->
