<?xml version="1.0" encoding="UTF-8"?>
<!-- Generated by org.testng.reporters.JUnitReportReporter -->
<<<<<<< HEAD
<testsuite hostname="Admins-MacBook-Air.local" failures="0" tests="8" name="com.play.backend.BonusFlowTC" time="48.325" errors="0" timestamp="2023-06-05T10:50:32 IST" skipped="0">
  <testcase classname="com.play.backend.BonusFlowTC" name="loginToBackend" time="21.853"/>
  <system-out/>
  <testcase classname="com.play.backend.BonusFlowTC" name="searchUserName" time="8.717"/>
  <system-out/>
  <testcase classname="com.play.backend.BonusFlowTC" name="clickWithdrawButton" time="4.405"/>
  <system-out/>
  <testcase classname="com.play.backend.BonusFlowTC" name="getWithdrawData" time="0.461"/>
  <system-out/>
  <testcase classname="com.play.backend.BonusFlowTC" name="storeAvailableWithdrawData" time="6.155"/>
  <system-out/>
  <testcase classname="com.play.backend.BonusFlowTC" name="enterAmountForWithdraw" time="5.376"/>
  <system-out/>
  <testcase classname="com.play.backend.BonusFlowTC" name="verifySaveButtonVisibility" time="0.054"/>
  <system-out/>
  <testcase classname="com.play.backend.BonusFlowTC" name="logoutFromBackend" time="1.304"/>
=======
<testsuite hostname="Admins-MacBook-Air.local" failures="0" tests="8" name="com.play.backend.BonusFlowTC" time="49.495" errors="0" timestamp="2023-06-06T16:25:54 IST" skipped="0">
  <testcase classname="com.play.backend.BonusFlowTC" name="loginToBackend" time="23.759"/>
  <system-out/>
  <testcase classname="com.play.backend.BonusFlowTC" name="searchUserName" time="8.296"/>
  <system-out/>
  <testcase classname="com.play.backend.BonusFlowTC" name="clickWithdrawButton" time="4.361"/>
  <system-out/>
  <testcase classname="com.play.backend.BonusFlowTC" name="getWithdrawData" time="0.414"/>
  <system-out/>
  <testcase classname="com.play.backend.BonusFlowTC" name="storeAvailableWithdrawData" time="6.122"/>
  <system-out/>
  <testcase classname="com.play.backend.BonusFlowTC" name="enterAmountForWithdraw" time="5.340"/>
  <system-out/>
  <testcase classname="com.play.backend.BonusFlowTC" name="verifySaveButtonVisibility" time="0.048"/>
  <system-out/>
  <testcase classname="com.play.backend.BonusFlowTC" name="logoutFromBackend" time="1.155"/>
>>>>>>> 6d327e0 (withdraw flow TC)
  <system-out/>
</testsuite> <!-- com.play.backend.BonusFlowTC -->
