<?xml version="1.0" encoding="UTF-8"?>
<!-- Generated by org.testng.reporters.JUnitReportReporter -->
<testsuite hostname="Admins-MacBook-Air.local" failures="0" tests="10" name="com.playexch.sportsbook.CricketBackMatchedTC" time="211.536" errors="0" timestamp="2023-05-15T13:03:22 IST" skipped="0">
  <testcase classname="com.playexch.sportsbook.CricketBackMatchedTC" name="loginToWeb" time="63.361"/>
  <system-out/>
  <testcase classname="com.playexch.sportsbook.CricketBackMatchedTC" name="verifyMatchesAvailable" time="38.881"/>
  <system-out/>
  <testcase classname="com.playexch.sportsbook.CricketBackMatchedTC" name="getProfileInfoBeforePlaceBet" time="4.291"/>
  <system-out/>
  <testcase classname="com.playexch.sportsbook.CricketBackMatchedTC" name="backBetPlace" time="49.770"/>
  <system-out/>
  <testcase classname="com.playexch.sportsbook.CricketBackMatchedTC" name="verifyBetPlacedUnmatched" time="23.431"/>
  <system-out/>
  <testcase classname="com.playexch.sportsbook.CricketBackMatchedTC" name="verifyBetPlacedMatched" time="10.098"/>
  <system-out/>
  <testcase classname="com.playexch.sportsbook.CricketBackMatchedTC" name="getProfileInfoAfterPlaceBet" time="5.208"/>
  <system-out/>
  <testcase classname="com.playexch.sportsbook.CricketBackMatchedTC" name="allMyBetsPlaced" time="12.215"/>
  <system-out/>
  <testcase classname="com.playexch.sportsbook.CricketBackMatchedTC" name="verifyNetExposure" time="0.006"/>
  <system-out/>
  <testcase classname="com.playexch.sportsbook.CricketBackMatchedTC" name="logOutToWeb" time="4.275"/>
  <system-out/>
</testsuite> <!-- com.playexch.sportsbook.CricketBackMatchedTC -->
