<?xml version="1.0" encoding="UTF-8"?>
<!-- Generated by org.testng.reporters.JUnitReportReporter -->
<testsuite hostname="Admins-MacBook-Air.local" failures="0" tests="5" name="com.playexch.testclass.LoginTestCases" time="189.911" errors="0" timestamp="2023-05-15T11:49:15 IST" skipped="0">
  <testcase classname="com.playexch.testclass.LoginTestCases" name="validUsername_InavalidPassword" time="61.176"/>
  <system-out/>
  <testcase classname="com.playexch.testclass.LoginTestCases" name="invalidUsername_InavalidPassword" time="26.060"/>
  <system-out/>
  <testcase classname="com.playexch.testclass.LoginTestCases" name="invalidUsername_ValidPassword" time="25.810"/>
  <system-out/>
  <testcase classname="com.playexch.testclass.LoginTestCases" name="validUsername_Password" time="48.698"/>
  <system-out/>
  <testcase classname="com.playexch.testclass.LoginTestCases" name="logOutToWeb" time="28.167"/>
  <system-out/>
</testsuite> <!-- com.playexch.testclass.LoginTestCases -->
