<?xml version="1.0" encoding="UTF-8"?>
<!-- Generated by org.testng.reporters.JUnitReportReporter -->
<testsuite hostname="Admins-MacBook-Air.local" failures="0" tests="13" name="com.play.backend.CreateMemeberNegativeTC" time="53.857" errors="0" timestamp="2023-06-02T10:30:56 IST" skipped="0">
  <testcase classname="com.play.backend.CreateMemeberNegativeTC" name="loginToBackend" time="21.774"/>
  <system-out/>
  <testcase classname="com.play.backend.CreateMemeberNegativeTC" name="setCreateMember" time="6.491"/>
  <system-out/>
  <testcase classname="com.play.backend.CreateMemeberNegativeTC" name="verifySameUser" time="3.704"/>
  <system-out/>
  <testcase classname="com.play.backend.CreateMemeberNegativeTC" name="verifyLessDigitMobNo" time="1.689"/>
  <system-out/>
  <testcase classname="com.play.backend.CreateMemeberNegativeTC" name="verifyWeakPassword" time="0.663"/>
  <system-out/>
  <testcase classname="com.play.backend.CreateMemeberNegativeTC" name="verifyUnmatchedPassword" time="1.013"/>
  <system-out/>
  <testcase classname="com.play.backend.CreateMemeberNegativeTC" name="verifySaveBtn" time="4.226"/>
  <system-out/>
  <testcase classname="com.play.backend.CreateMemeberNegativeTC" name="verifyLessCharUsername" time="8.071"/>
  <system-out/>
  <testcase classname="com.play.backend.CreateMemeberNegativeTC" name="setUserData" time="0.662"/>
  <system-out/>
  <testcase classname="com.play.backend.CreateMemeberNegativeTC" name="verifySaveBtnVisiblility" time="0.118"/>
  <system-out/>
  <testcase classname="com.play.backend.CreateMemeberNegativeTC" name="clickonSaveBtn" time="4.437"/>
  <system-out/>
  <testcase classname="com.play.backend.CreateMemeberNegativeTC" name="verifyUserCreated" time="0.299"/>
  <system-out/>
  <testcase classname="com.play.backend.CreateMemeberNegativeTC" name="logOutFromBackend" time="0.710"/>
  <system-out/>
</testsuite> <!-- com.play.backend.CreateMemeberNegativeTC -->
